  main.cpp
E:\Temporary Trash\Assignment\4490\Raytracing Project\src\main.cpp(12,1): warning C4996: 'fopen': This function or variable may be unsafe. Consider using fopen_s instead. To disable deprecation, use _CRT_SECURE_NO_WARNINGS. See online help for details.
C:\Program Files (x86)\Windows Kits\10\Include\10.0.18362.0\ucrt\stdio.h(208): message : see declaration of 'fopen'
E:\Temporary Trash\Assignment\4490\Raytracing Project\src\main.cpp(104,19): warning C4244: 'argument': conversion from 'const double' to 'unsigned int', possible loss of data
E:\Temporary Trash\Assignment\4490\Raytracing Project\src\main.cpp(125,19): warning C4244: 'argument': conversion from 'const double' to 'unsigned int', possible loss of data
  render.cpp
E:\Temporary Trash\Assignment\4490\Raytracing Project\src\render.cpp(112,33): warning C4305: 'argument': truncation from 'double' to 'GLclampf'
E:\Temporary Trash\Assignment\4490\Raytracing Project\src\render.cpp(299,30): warning C4244: 'argument': conversion from 'int' to 'GLfloat', possible loss of data
E:\Temporary Trash\Assignment\4490\Raytracing Project\src\render.cpp(299,23): warning C4244: 'argument': conversion from 'int' to 'GLfloat', possible loss of data
  raytracer.cpp
E:\Temporary Trash\Assignment\4490\Raytracing Project\src\raytracer.cpp(119,21): warning C4018: '<': signed/unsigned mismatch
E:\Temporary Trash\Assignment\4490\Raytracing Project\src\raytracer.cpp(158,21): warning C4018: '<': signed/unsigned mismatch
E:\Temporary Trash\Assignment\4490\Raytracing Project\src\raytracer.cpp(202,35): warning C4244: '=': conversion from 'double' to 'float', possible loss of data
E:\Temporary Trash\Assignment\4490\Raytracing Project\src\raytracer.cpp(204,21): warning C4018: '<': signed/unsigned mismatch
E:\Temporary Trash\Assignment\4490\Raytracing Project\src\raytracer.cpp(209,22): warning C4018: '<': signed/unsigned mismatch
E:\Temporary Trash\Assignment\4490\Raytracing Project\src\raytracer.cpp(239,21): warning C4018: '<': signed/unsigned mismatch
E:\Temporary Trash\Assignment\4490\Raytracing Project\src\raytracer.cpp(325,21): warning C4018: '<': signed/unsigned mismatch
E:\Temporary Trash\Assignment\4490\Raytracing Project\src\raytracer.cpp(343,21): warning C4018: '<': signed/unsigned mismatch
E:\Temporary Trash\Assignment\4490\Raytracing Project\src\raytracer.cpp(457,21): warning C4018: '<': signed/unsigned mismatch
E:\Temporary Trash\Assignment\4490\Raytracing Project\src\raytracer.cpp(493,22): warning C4018: '<': signed/unsigned mismatch
E:\Temporary Trash\Assignment\4490\Raytracing Project\src\raytracer.cpp(507,22): warning C4018: '<': signed/unsigned mismatch
E:\Temporary Trash\Assignment\4490\Raytracing Project\src\raytracer.cpp(521,22): warning C4018: '<': signed/unsigned mismatch
E:\Temporary Trash\Assignment\4490\Raytracing Project\src\raytracer.cpp(650,21): warning C4018: '<': signed/unsigned mismatch
E:\Temporary Trash\Assignment\4490\Raytracing Project\src\raytracer.cpp(722,20): warning C4018: '<': signed/unsigned mismatch
E:\Temporary Trash\Assignment\4490\Raytracing Project\src\raytracer.cpp(871,22): warning C4018: '<': signed/unsigned mismatch
E:\Temporary Trash\Assignment\4490\Raytracing Project\src\raytracer.cpp(972,44): warning C4305: 'argument': truncation from 'double' to 'float'
E:\Temporary Trash\Assignment\4490\Raytracing Project\src\raytracer.cpp(1030,8): warning C4101: 'tempT': unreferenced local variable
E:\Temporary Trash\Assignment\4490\Raytracing Project\src\raytracer.cpp(1179,10): warning C4244: 'initializing': conversion from 'double' to 'float', possible loss of data
E:\Temporary Trash\Assignment\4490\Raytracing Project\src\raytracer.cpp(1274,20): warning C4018: '<': signed/unsigned mismatch
E:\Temporary Trash\Assignment\4490\Raytracing Project\src\raytracer.cpp(1387,20): warning C4018: '<': signed/unsigned mismatch
E:\Temporary Trash\Assignment\4490\Raytracing Project\src\raytracer.cpp(1377,8): warning C4101: 'tempT1': unreferenced local variable
E:\Temporary Trash\Assignment\4490\Raytracing Project\src\raytracer.cpp(1376,7): warning C4101: 'checkB': unreferenced local variable
E:\Temporary Trash\Assignment\4490\Raytracing Project\src\raytracer.cpp(1412,7): warning C4101: 'check2': unreferenced local variable
  Generating Code...
LINK : warning LNK4098: defaultlib 'LIBCMT' conflicts with use of other libs; use /NODEFAULTLIB:library
glew32s.lib(glew.obj) : warning LNK4099: PDB 'vc120.pdb' was not found with 'glew32s.lib(glew.obj)' or at 'E:\Temporary Trash\Assignment\4490\Raytracing Project\build\vc120.pdb'; linking object as if no debug info
freeglut_staticd.lib(fg_callbacks.obj) : warning LNK4099: PDB 'freeglut_static.pdb' was not found with 'freeglut_staticd.lib(fg_callbacks.obj)' or at 'E:\Temporary Trash\Assignment\4490\Raytracing Project\build\freeglut_static.pdb'; linking object as if no debug info
freeglut_staticd.lib(fg_cursor.obj) : warning LNK4099: PDB 'freeglut_static.pdb' was not found with 'freeglut_staticd.lib(fg_cursor.obj)' or at 'E:\Temporary Trash\Assignment\4490\Raytracing Project\build\freeglut_static.pdb'; linking object as if no debug info
freeglut_staticd.lib(fg_display.obj) : warning LNK4099: PDB 'freeglut_static.pdb' was not found with 'freeglut_staticd.lib(fg_display.obj)' or at 'E:\Temporary Trash\Assignment\4490\Raytracing Project\build\freeglut_static.pdb'; linking object as if no debug info
freeglut_staticd.lib(fg_ext.obj) : warning LNK4099: PDB 'freeglut_static.pdb' was not found with 'freeglut_staticd.lib(fg_ext.obj)' or at 'E:\Temporary Trash\Assignment\4490\Raytracing Project\build\freeglut_static.pdb'; linking object as if no debug info
freeglut_staticd.lib(fg_font_data.obj) : warning LNK4099: PDB 'freeglut_static.pdb' was not found with 'freeglut_staticd.lib(fg_font_data.obj)' or at 'E:\Temporary Trash\Assignment\4490\Raytracing Project\build\freeglut_static.pdb'; linking object as if no debug info
freeglut_staticd.lib(fg_gamemode.obj) : warning LNK4099: PDB 'freeglut_static.pdb' was not found with 'freeglut_staticd.lib(fg_gamemode.obj)' or at 'E:\Temporary Trash\Assignment\4490\Raytracing Project\build\freeglut_static.pdb'; linking object as if no debug info
freeglut_staticd.lib(fg_geometry.obj) : warning LNK4099: PDB 'freeglut_static.pdb' was not found with 'freeglut_staticd.lib(fg_geometry.obj)' or at 'E:\Temporary Trash\Assignment\4490\Raytracing Project\build\freeglut_static.pdb'; linking object as if no debug info
freeglut_staticd.lib(fg_gl2.obj) : warning LNK4099: PDB 'freeglut_static.pdb' was not found with 'freeglut_staticd.lib(fg_gl2.obj)' or at 'E:\Temporary Trash\Assignment\4490\Raytracing Project\build\freeglut_static.pdb'; linking object as if no debug info
freeglut_staticd.lib(fg_init.obj) : warning LNK4099: PDB 'freeglut_static.pdb' was not found with 'freeglut_staticd.lib(fg_init.obj)' or at 'E:\Temporary Trash\Assignment\4490\Raytracing Project\build\freeglut_static.pdb'; linking object as if no debug info
freeglut_staticd.lib(fg_input_devices.obj) : warning LNK4099: PDB 'freeglut_static.pdb' was not found with 'freeglut_staticd.lib(fg_input_devices.obj)' or at 'E:\Temporary Trash\Assignment\4490\Raytracing Project\build\freeglut_static.pdb'; linking object as if no debug info
freeglut_staticd.lib(fg_joystick.obj) : warning LNK4099: PDB 'freeglut_static.pdb' was not found with 'freeglut_staticd.lib(fg_joystick.obj)' or at 'E:\Temporary Trash\Assignment\4490\Raytracing Project\build\freeglut_static.pdb'; linking object as if no debug info
freeglut_staticd.lib(fg_main.obj) : warning LNK4099: PDB 'freeglut_static.pdb' was not found with 'freeglut_staticd.lib(fg_main.obj)' or at 'E:\Temporary Trash\Assignment\4490\Raytracing Project\build\freeglut_static.pdb'; linking object as if no debug info
freeglut_staticd.lib(fg_misc.obj) : warning LNK4099: PDB 'freeglut_static.pdb' was not found with 'freeglut_staticd.lib(fg_misc.obj)' or at 'E:\Temporary Trash\Assignment\4490\Raytracing Project\build\freeglut_static.pdb'; linking object as if no debug info
freeglut_staticd.lib(fg_overlay.obj) : warning LNK4099: PDB 'freeglut_static.pdb' was not found with 'freeglut_staticd.lib(fg_overlay.obj)' or at 'E:\Temporary Trash\Assignment\4490\Raytracing Project\build\freeglut_static.pdb'; linking object as if no debug info
freeglut_staticd.lib(fg_spaceball.obj) : warning LNK4099: PDB 'freeglut_static.pdb' was not found with 'freeglut_staticd.lib(fg_spaceball.obj)' or at 'E:\Temporary Trash\Assignment\4490\Raytracing Project\build\freeglut_static.pdb'; linking object as if no debug info
freeglut_staticd.lib(fg_state.obj) : warning LNK4099: PDB 'freeglut_static.pdb' was not found with 'freeglut_staticd.lib(fg_state.obj)' or at 'E:\Temporary Trash\Assignment\4490\Raytracing Project\build\freeglut_static.pdb'; linking object as if no debug info
freeglut_staticd.lib(fg_stroke_mono_roman.obj) : warning LNK4099: PDB 'freeglut_static.pdb' was not found with 'freeglut_staticd.lib(fg_stroke_mono_roman.obj)' or at 'E:\Temporary Trash\Assignment\4490\Raytracing Project\build\freeglut_static.pdb'; linking object as if no debug info
freeglut_staticd.lib(fg_stroke_roman.obj) : warning LNK4099: PDB 'freeglut_static.pdb' was not found with 'freeglut_staticd.lib(fg_stroke_roman.obj)' or at 'E:\Temporary Trash\Assignment\4490\Raytracing Project\build\freeglut_static.pdb'; linking object as if no debug info
freeglut_staticd.lib(fg_structure.obj) : warning LNK4099: PDB 'freeglut_static.pdb' was not found with 'freeglut_staticd.lib(fg_structure.obj)' or at 'E:\Temporary Trash\Assignment\4490\Raytracing Project\build\freeglut_static.pdb'; linking object as if no debug info
freeglut_staticd.lib(fg_teapot.obj) : warning LNK4099: PDB 'freeglut_static.pdb' was not found with 'freeglut_staticd.lib(fg_teapot.obj)' or at 'E:\Temporary Trash\Assignment\4490\Raytracing Project\build\freeglut_static.pdb'; linking object as if no debug info
freeglut_staticd.lib(fg_videoresize.obj) : warning LNK4099: PDB 'freeglut_static.pdb' was not found with 'freeglut_staticd.lib(fg_videoresize.obj)' or at 'E:\Temporary Trash\Assignment\4490\Raytracing Project\build\freeglut_static.pdb'; linking object as if no debug info
freeglut_staticd.lib(fg_window.obj) : warning LNK4099: PDB 'freeglut_static.pdb' was not found with 'freeglut_staticd.lib(fg_window.obj)' or at 'E:\Temporary Trash\Assignment\4490\Raytracing Project\build\freeglut_static.pdb'; linking object as if no debug info
freeglut_staticd.lib(fg_font.obj) : warning LNK4099: PDB 'freeglut_static.pdb' was not found with 'freeglut_staticd.lib(fg_font.obj)' or at 'E:\Temporary Trash\Assignment\4490\Raytracing Project\build\freeglut_static.pdb'; linking object as if no debug info
freeglut_staticd.lib(fg_menu.obj) : warning LNK4099: PDB 'freeglut_static.pdb' was not found with 'freeglut_staticd.lib(fg_menu.obj)' or at 'E:\Temporary Trash\Assignment\4490\Raytracing Project\build\freeglut_static.pdb'; linking object as if no debug info
freeglut_staticd.lib(fg_cursor_mswin.obj) : warning LNK4099: PDB 'freeglut_static.pdb' was not found with 'freeglut_staticd.lib(fg_cursor_mswin.obj)' or at 'E:\Temporary Trash\Assignment\4490\Raytracing Project\build\freeglut_static.pdb'; linking object as if no debug info
freeglut_staticd.lib(fg_display_mswin.obj) : warning LNK4099: PDB 'freeglut_static.pdb' was not found with 'freeglut_staticd.lib(fg_display_mswin.obj)' or at 'E:\Temporary Trash\Assignment\4490\Raytracing Project\build\freeglut_static.pdb'; linking object as if no debug info
freeglut_staticd.lib(fg_ext_mswin.obj) : warning LNK4099: PDB 'freeglut_static.pdb' was not found with 'freeglut_staticd.lib(fg_ext_mswin.obj)' or at 'E:\Temporary Trash\Assignment\4490\Raytracing Project\build\freeglut_static.pdb'; linking object as if no debug info
freeglut_staticd.lib(fg_gamemode_mswin.obj) : warning LNK4099: PDB 'freeglut_static.pdb' was not found with 'freeglut_staticd.lib(fg_gamemode_mswin.obj)' or at 'E:\Temporary Trash\Assignment\4490\Raytracing Project\build\freeglut_static.pdb'; linking object as if no debug info
freeglut_staticd.lib(fg_init_mswin.obj) : warning LNK4099: PDB 'freeglut_static.pdb' was not found with 'freeglut_staticd.lib(fg_init_mswin.obj)' or at 'E:\Temporary Trash\Assignment\4490\Raytracing Project\build\freeglut_static.pdb'; linking object as if no debug info
freeglut_staticd.lib(fg_input_devices_mswin.obj) : warning LNK4099: PDB 'freeglut_static.pdb' was not found with 'freeglut_staticd.lib(fg_input_devices_mswin.obj)' or at 'E:\Temporary Trash\Assignment\4490\Raytracing Project\build\freeglut_static.pdb'; linking object as if no debug info
freeglut_staticd.lib(fg_joystick_mswin.obj) : warning LNK4099: PDB 'freeglut_static.pdb' was not found with 'freeglut_staticd.lib(fg_joystick_mswin.obj)' or at 'E:\Temporary Trash\Assignment\4490\Raytracing Project\build\freeglut_static.pdb'; linking object as if no debug info
freeglut_staticd.lib(fg_main_mswin.obj) : warning LNK4099: PDB 'freeglut_static.pdb' was not found with 'freeglut_staticd.lib(fg_main_mswin.obj)' or at 'E:\Temporary Trash\Assignment\4490\Raytracing Project\build\freeglut_static.pdb'; linking object as if no debug info
freeglut_staticd.lib(fg_menu_mswin.obj) : warning LNK4099: PDB 'freeglut_static.pdb' was not found with 'freeglut_staticd.lib(fg_menu_mswin.obj)' or at 'E:\Temporary Trash\Assignment\4490\Raytracing Project\build\freeglut_static.pdb'; linking object as if no debug info
freeglut_staticd.lib(fg_spaceball_mswin.obj) : warning LNK4099: PDB 'freeglut_static.pdb' was not found with 'freeglut_staticd.lib(fg_spaceball_mswin.obj)' or at 'E:\Temporary Trash\Assignment\4490\Raytracing Project\build\freeglut_static.pdb'; linking object as if no debug info
freeglut_staticd.lib(fg_state_mswin.obj) : warning LNK4099: PDB 'freeglut_static.pdb' was not found with 'freeglut_staticd.lib(fg_state_mswin.obj)' or at 'E:\Temporary Trash\Assignment\4490\Raytracing Project\build\freeglut_static.pdb'; linking object as if no debug info
freeglut_staticd.lib(fg_structure_mswin.obj) : warning LNK4099: PDB 'freeglut_static.pdb' was not found with 'freeglut_staticd.lib(fg_structure_mswin.obj)' or at 'E:\Temporary Trash\Assignment\4490\Raytracing Project\build\freeglut_static.pdb'; linking object as if no debug info
freeglut_staticd.lib(fg_window_mswin.obj) : warning LNK4099: PDB 'freeglut_static.pdb' was not found with 'freeglut_staticd.lib(fg_window_mswin.obj)' or at 'E:\Temporary Trash\Assignment\4490\Raytracing Project\build\freeglut_static.pdb'; linking object as if no debug info
freeglut_staticd.lib(xparsegeometry_repl.obj) : warning LNK4099: PDB 'freeglut_static.pdb' was not found with 'freeglut_staticd.lib(xparsegeometry_repl.obj)' or at 'E:\Temporary Trash\Assignment\4490\Raytracing Project\build\freeglut_static.pdb'; linking object as if no debug info
  opengl.vcxproj -> E:\Temporary Trash\Assignment\4490\Raytracing Project\\build\opengl.exe
